  lab06.cpp
c:\dev\openglproject\lab_framework\source\objloader.h(20): warning C4996: 'fopen': This function or variable may be unsafe. Consider using fopen_s instead. To disable deprecation, use _CRT_SECURE_NO_WARNINGS. See online help for details.
  c:\program files (x86)\windows kits\10\include\10.0.16299.0\ucrt\stdio.h(207): note: see declaration of 'fopen'
c:\dev\openglproject\lab_framework\source\objloader.h(31): warning C4996: 'fscanf': This function or variable may be unsafe. Consider using fscanf_s instead. To disable deprecation, use _CRT_SECURE_NO_WARNINGS. See online help for details.
  c:\program files (x86)\windows kits\10\include\10.0.16299.0\ucrt\stdio.h(1195): note: see declaration of 'fscanf'
c:\dev\openglproject\lab_framework\source\objloader.h(39): warning C4996: 'fscanf': This function or variable may be unsafe. Consider using fscanf_s instead. To disable deprecation, use _CRT_SECURE_NO_WARNINGS. See online help for details.
  c:\program files (x86)\windows kits\10\include\10.0.16299.0\ucrt\stdio.h(1195): note: see declaration of 'fscanf'
c:\dev\openglproject\lab_framework\source\objloader.h(44): warning C4996: 'fscanf': This function or variable may be unsafe. Consider using fscanf_s instead. To disable deprecation, use _CRT_SECURE_NO_WARNINGS. See online help for details.
  c:\program files (x86)\windows kits\10\include\10.0.16299.0\ucrt\stdio.h(1195): note: see declaration of 'fscanf'
c:\dev\openglproject\lab_framework\source\objloader.h(50): warning C4996: 'fscanf': This function or variable may be unsafe. Consider using fscanf_s instead. To disable deprecation, use _CRT_SECURE_NO_WARNINGS. See online help for details.
  c:\program files (x86)\windows kits\10\include\10.0.16299.0\ucrt\stdio.h(1195): note: see declaration of 'fscanf'
c:\dev\openglproject\lab_framework\source\objloader.h(60): warning C4996: 'sscanf': This function or variable may be unsafe. Consider using sscanf_s instead. To disable deprecation, use _CRT_SECURE_NO_WARNINGS. See online help for details.
  c:\program files (x86)\windows kits\10\include\10.0.16299.0\ucrt\stdio.h(2261): note: see declaration of 'sscanf'
c:\dev\openglproject\lab_framework\source\objloader.h(63): warning C4996: 'sscanf': This function or variable may be unsafe. Consider using sscanf_s instead. To disable deprecation, use _CRT_SECURE_NO_WARNINGS. See online help for details.
  c:\program files (x86)\windows kits\10\include\10.0.16299.0\ucrt\stdio.h(2261): note: see declaration of 'sscanf'
c:\dev\openglproject\lab_framework\source\objloader.h(66): warning C4996: 'sscanf': This function or variable may be unsafe. Consider using sscanf_s instead. To disable deprecation, use _CRT_SECURE_NO_WARNINGS. See online help for details.
  c:\program files (x86)\windows kits\10\include\10.0.16299.0\ucrt\stdio.h(2261): note: see declaration of 'sscanf'
c:\dev\openglproject\lab_framework\source\objloader.h(69): warning C4996: 'sscanf': This function or variable may be unsafe. Consider using sscanf_s instead. To disable deprecation, use _CRT_SECURE_NO_WARNINGS. See online help for details.
  c:\program files (x86)\windows kits\10\include\10.0.16299.0\ucrt\stdio.h(2261): note: see declaration of 'sscanf'
c:\dev\openglproject\lab_framework\source\objloaderv2.h(20): warning C4996: 'fopen': This function or variable may be unsafe. Consider using fopen_s instead. To disable deprecation, use _CRT_SECURE_NO_WARNINGS. See online help for details.
  c:\program files (x86)\windows kits\10\include\10.0.16299.0\ucrt\stdio.h(207): note: see declaration of 'fopen'
c:\dev\openglproject\lab_framework\source\objloaderv2.h(31): warning C4996: 'fscanf': This function or variable may be unsafe. Consider using fscanf_s instead. To disable deprecation, use _CRT_SECURE_NO_WARNINGS. See online help for details.
  c:\program files (x86)\windows kits\10\include\10.0.16299.0\ucrt\stdio.h(1195): note: see declaration of 'fscanf'
c:\dev\openglproject\lab_framework\source\objloaderv2.h(39): warning C4996: 'fscanf': This function or variable may be unsafe. Consider using fscanf_s instead. To disable deprecation, use _CRT_SECURE_NO_WARNINGS. See online help for details.
  c:\program files (x86)\windows kits\10\include\10.0.16299.0\ucrt\stdio.h(1195): note: see declaration of 'fscanf'
c:\dev\openglproject\lab_framework\source\objloaderv2.h(45): warning C4996: 'fscanf': This function or variable may be unsafe. Consider using fscanf_s instead. To disable deprecation, use _CRT_SECURE_NO_WARNINGS. See online help for details.
  c:\program files (x86)\windows kits\10\include\10.0.16299.0\ucrt\stdio.h(1195): note: see declaration of 'fscanf'
c:\dev\openglproject\lab_framework\source\objloaderv2.h(54): warning C4996: 'fscanf': This function or variable may be unsafe. Consider using fscanf_s instead. To disable deprecation, use _CRT_SECURE_NO_WARNINGS. See online help for details.
  c:\program files (x86)\windows kits\10\include\10.0.16299.0\ucrt\stdio.h(1195): note: see declaration of 'fscanf'
c:\dev\openglproject\lab_framework\source\objloaderv2.h(72): warning C4996: 'sscanf': This function or variable may be unsafe. Consider using sscanf_s instead. To disable deprecation, use _CRT_SECURE_NO_WARNINGS. See online help for details.
  c:\program files (x86)\windows kits\10\include\10.0.16299.0\ucrt\stdio.h(2261): note: see declaration of 'sscanf'
c:\dev\openglproject\lab_framework\source\objloaderv2.h(75): warning C4996: 'sscanf': This function or variable may be unsafe. Consider using sscanf_s instead. To disable deprecation, use _CRT_SECURE_NO_WARNINGS. See online help for details.
  c:\program files (x86)\windows kits\10\include\10.0.16299.0\ucrt\stdio.h(2261): note: see declaration of 'sscanf'
c:\dev\openglproject\lab_framework\source\objloaderv2.h(78): warning C4996: 'sscanf': This function or variable may be unsafe. Consider using sscanf_s instead. To disable deprecation, use _CRT_SECURE_NO_WARNINGS. See online help for details.
  c:\program files (x86)\windows kits\10\include\10.0.16299.0\ucrt\stdio.h(2261): note: see declaration of 'sscanf'
c:\dev\openglproject\lab_framework\source\objloaderv2.h(81): warning C4996: 'sscanf': This function or variable may be unsafe. Consider using sscanf_s instead. To disable deprecation, use _CRT_SECURE_NO_WARNINGS. See online help for details.
  c:\program files (x86)\windows kits\10\include\10.0.16299.0\ucrt\stdio.h(2261): note: see declaration of 'sscanf'
c:\dev\openglproject\lab_framework\thirdparty\shaderloader.h(25): warning C4477: 'printf' : format string '%s' requires an argument of type 'char *', but variadic argument 1 has type 'std::string'
c:\dev\openglproject\lab_framework\source\lab06.cpp(267): warning C4244: 'initializing': conversion from 'double' to 'float', possible loss of data
c:\dev\openglproject\lab_framework\source\lab06.cpp(285): warning C4244: 'initializing': conversion from 'double' to 'float', possible loss of data
c:\dev\openglproject\lab_framework\source\lab06.cpp(293): warning C4244: 'argument': conversion from 'double' to 'float', possible loss of data
c:\dev\openglproject\lab_framework\source\lab06.cpp(376): warning C4244: '-=': conversion from 'double' to 'float', possible loss of data
c:\dev\openglproject\lab_framework\source\lab06.cpp(377): warning C4244: '-=': conversion from 'double' to 'float', possible loss of data
c:\dev\openglproject\lab_framework\source\lab06.cpp(164): warning C4244: 'argument': conversion from 'T' to 'GLint', possible loss of data
          with
          [
              T=float
          ]
  c:\dev\openglproject\lab_framework\source\lab06.cpp(329): note: see reference to function template instantiation 'void SetUniform1Value<float>(GLuint,const char *,T)' being compiled
          with
          [
              T=float
          ]
  Labs.vcxproj -> C:\dev\openGLproject\Lab_Framework\VS2017\/../Bin/Labs-Debug.exe
